Build started 2014/3/1 18:08:38.
     1>Project "E:\Code\LittleT\ADEncryt\ADEncryt.vcxproj" on node 3 (build target(s)).
     1>InitializeBuildStatus:
         Creating "Debug\ADEncryt.unsuccessfulbuild" because "AlwaysCreate" was specified.
       ClCompile:
         D:\Program Files\VS2010\VC\bin\CL.exe /c /ZI /nologo /W3 /WX- /Od /Oy- /D WIN32 /D _DEBUG /D _CONSOLE /D QUI_NOT_DLL /D _UNICODE /D UNICODE /Gm /EHsc /RTC1 /MDd /GS /fp:precise /Zc:wchar_t /Zc:forScope /Fo"Debug\\" /Fd"Debug\vc100.pdb" /Gd /TP /analyze- /errorReport:prompt ..\..\UIBase\ui\QWindow.cpp
         QWindow.cpp
     1>e:\code\uibase\ui\qwindow.cpp(1015): warning C4018: '>' : signed/unsigned mismatch
     1>e:\code\uibase\ui\qwindow.cpp(1019): warning C4018: '>' : signed/unsigned mismatch
       ManifestResourceCompile:
         All outputs are up-to-date.
       Link:
         D:\Program Files\VS2010\VC\bin\link.exe /ERRORREPORT:PROMPT /OUT:"E:\Code\LittleT\Debug\ADEncryt.exe" /INCREMENTAL /NOLOGO kernel32.lib user32.lib gdi32.lib winspool.lib comdlg32.lib advapi32.lib shell32.lib ole32.lib oleaut32.lib uuid.lib odbc32.lib odbccp32.lib /MANIFEST /ManifestFile:"Debug\ADEncryt.exe.intermediate.manifest" /MANIFESTUAC:"level='asInvoker' uiAccess='false'" /DEBUG /PDB:"E:\Code\LittleT\Debug\ADEncryt.pdb" /SUBSYSTEM:WINDOWS /TLBID:1 /DYNAMICBASE /NXCOMPAT /IMPLIB:"E:\Code\LittleT\Debug\ADEncryt.lib" /MACHINE:X86 Debug\ADEncryt.exe.embed.manifest.res
         Debug\AppHelper.obj
         Debug\crijndael.obj
         Debug\CXUnzip.obj
         Debug\md5.obj
         Debug\QDataEnDe.obj
         Debug\XUnzip.obj
         Debug\XZip.obj
         Debug\FileEnumerator.obj
         Debug\FileOper.obj
         Debug\inifile.obj
         Debug\QFile.obj
         Debug\TextFile.obj
         Debug\QBuffer.obj
         Debug\QUI.obj
         Debug\QTime.obj
         Debug\ECtrl.obj
         Debug\QApp.obj
         Debug\QConfig.obj
         Debug\QUIMgr.obj
         Debug\QWindow.obj
         Debug\WndHelper.obj
         Debug\WndShadow.obj
         Debug\MainWnd.obj
         Debug\QADEnApp.obj
       Manifest:
         G:\Program Files (x86)\Microsoft SDKs\Windows\v7.0A\bin\mt.exe /nologo /verbose /out:"Debug\ADEncryt.exe.embed.manifest" /manifest Debug\ADEncryt.exe.intermediate.manifest
         All outputs are up-to-date.
       LinkEmbedManifest:
         All outputs are up-to-date.
         ADEncryt.vcxproj -> E:\Code\LittleT\Debug\ADEncryt.exe
       FinalizeBuildStatus:
         Deleting file "Debug\ADEncryt.unsuccessfulbuild".
         Touching "Debug\ADEncryt.lastbuildstate".
     1>Done Building Project "E:\Code\LittleT\ADEncryt\ADEncryt.vcxproj" (build target(s)).

Build succeeded.

Time Elapsed 00:00:04.29
