Build started 2014/4/26 10:47:16.
     1>Project "E:\Code\VC\LittleT\LittleTShell\LittleTShell.vcxproj" on node 3 (build target(s)).
     1>InitializeBuildStatus:
         Creating "Debug\LittleTShell.unsuccessfulbuild" because "AlwaysCreate" was specified.
       ClCompile:
         All outputs are up-to-date.
         All outputs are up-to-date.
         All outputs are up-to-date.
       ManifestResourceCompile:
         All outputs are up-to-date.
       Link:
         All outputs are up-to-date.
       Manifest:
         All outputs are up-to-date.
       FinalizeBuildStatus:
         Deleting file "Debug\LittleTShell.unsuccessfulbuild".
         Touching "Debug\LittleTShell.lastbuildstate".
     1>Done Building Project "E:\Code\VC\LittleT\LittleTShell\LittleTShell.vcxproj" (build target(s)).

Build succeeded.

Time Elapsed 00:00:00.35
