Build started 2014/4/27 0:05:27.
     1>Project "E:\Code\VC\LittleT\UIZipMaker\UIZipMaker.vcxproj" on node 4 (build target(s)).
     1>InitializeBuildStatus:
         Creating "Release\UIZipMaker.unsuccessfulbuild" because "AlwaysCreate" was specified.
       ClCompile:
         D:\Program Files\VS2010\VC\bin\CL.exe /c /Zi /nologo /W3 /WX- /O2 /Oi /Oy- /GL /D WIN32 /D NDEBUG /D _CONSOLE /D QUI_NOT_DLL /D _UNICODE /D UNICODE /Gm- /EHsc /MD /GS /Gy /fp:precise /Zc:wchar_t /Zc:forScope /Fo"Release\\" /Fd"Release\vc100.pdb" /Gd /TP /analyze- /errorReport:prompt ..\..\UIBase\crypt\XUnzip.cpp
         XUnzip.cpp
       Link:
         D:\Program Files\VS2010\VC\bin\link.exe /ERRORREPORT:PROMPT /OUT:"E:\Code\VC\LittleT\Release\UIZipMaker.exe" /INCREMENTAL:NO /NOLOGO kernel32.lib user32.lib gdi32.lib winspool.lib comdlg32.lib advapi32.lib shell32.lib ole32.lib oleaut32.lib uuid.lib odbc32.lib odbccp32.lib /MANIFEST /ManifestFile:"Release\UIZipMaker.exe.intermediate.manifest" /MANIFESTUAC:"level='asInvoker' uiAccess='false'" /DEBUG /PDB:"E:\Code\VC\LittleT\Release\UIZipMaker.pdb" /SUBSYSTEM:CONSOLE /OPT:REF /OPT:ICF /LTCG /TLBID:1 /DYNAMICBASE /NXCOMPAT /IMPLIB:"E:\Code\VC\LittleT\Release\UIZipMaker.lib" /MACHINE:X86 Release\crijndael.obj
         Release\CXUnzip.obj
         Release\md5.obj
         Release\QDataEnDe.obj
         Release\XUnzip.obj
         Release\XZip.obj
         Release\FileEnumerator.obj
         Release\QFile.obj
         Release\QBuffer.obj
         Release\QTime.obj
         Release\main.obj
         Generating code
         Finished generating code
         UIZipMaker.vcxproj -> E:\Code\VC\LittleT\Release\UIZipMaker.exe
       Manifest:
         G:\Program Files (x86)\Microsoft SDKs\Windows\v7.0A\bin\mt.exe /nologo /verbose /outputresource:"E:\Code\VC\LittleT\Release\UIZipMaker.exe;#1" /manifest Release\UIZipMaker.exe.intermediate.manifest
       FinalizeBuildStatus:
         Deleting file "Release\UIZipMaker.unsuccessfulbuild".
         Touching "Release\UIZipMaker.lastbuildstate".
     1>Done Building Project "E:\Code\VC\LittleT\UIZipMaker\UIZipMaker.vcxproj" (build target(s)).

Build succeeded.

Time Elapsed 00:00:12.89
