Build started 2014/4/27 0:05:26.
     1>Project "E:\Code\VC\LittleT\LittleTShell\LittleTShell.vcxproj" on node 3 (build target(s)).
     1>InitializeBuildStatus:
         Creating "Release\LittleTShell.unsuccessfulbuild" because "AlwaysCreate" was specified.
       ClCompile:
         All outputs are up-to-date.
         D:\Program Files\VS2010\VC\bin\CL.exe /c /Zi /nologo /W3 /WX- /O2 /Oi /Oy- /GL /D WIN32 /D NDEBUG /D _CONSOLE /D QUI_NOT_DLL /D _UNICODE /D UNICODE /D _ATL_STATIC_REGISTRY /Gm- /EHsc /MT /GS /Gy /fp:precise /Zc:wchar_t /Zc:forScope /Fo"Release\\" /Fd"Release\vc100.pdb" /Gd /TP /analyze- /errorReport:prompt ..\common\QHelper.cpp
         QHelper.cpp
     1>..\common\QHelper.cpp(48): warning C4244: 'return' : conversion from 'double' to 'DWORD', possible loss of data
       Link:
         D:\Program Files\VS2010\VC\bin\link.exe /ERRORREPORT:PROMPT /OUT:"E:\Code\VC\LittleT\Release\LittleTShell.exe" /INCREMENTAL:NO /NOLOGO kernel32.lib user32.lib gdi32.lib winspool.lib comdlg32.lib advapi32.lib shell32.lib ole32.lib oleaut32.lib uuid.lib odbc32.lib odbccp32.lib /MANIFEST /ManifestFile:"Release\LittleTShell.exe.intermediate.manifest" /MANIFESTUAC:"level='asInvoker' uiAccess='false'" /DEBUG /PDB:"E:\Code\VC\LittleT\Release\LittleTShell.pdb" /SUBSYSTEM:CONSOLE /OPT:REF /OPT:ICF /LTCG /TLBID:1 /DYNAMICBASE /NXCOMPAT /IMPLIB:"E:\Code\VC\LittleT\Release\LittleTShell.lib" /MACHINE:X86 Release\AppHelper.obj
         Release\FileOper.obj
         Release\QTime.obj
         Release\WndHelper.obj
         Release\QHelper.obj
         Release\LittleTShell.obj
         Release\stdafx.obj
         Generating code
         Finished generating code
         LittleTShell.vcxproj -> E:\Code\VC\LittleT\Release\LittleTShell.exe
       Manifest:
         G:\Program Files (x86)\Microsoft SDKs\Windows\v7.0A\bin\mt.exe /nologo /verbose /outputresource:"E:\Code\VC\LittleT\Release\LittleTShell.exe;#1" /manifest Release\LittleTShell.exe.intermediate.manifest
       FinalizeBuildStatus:
         Deleting file "Release\LittleTShell.unsuccessfulbuild".
         Touching "Release\LittleTShell.lastbuildstate".
     1>Done Building Project "E:\Code\VC\LittleT\LittleTShell\LittleTShell.vcxproj" (build target(s)).

Build succeeded.

Time Elapsed 00:00:05.17
