Build started 2014/4/23 16:53:13.
     1>Project "E:\Code\VC\LittleT\LittleT\LittleT.vcxproj" on node 8 (build target(s)).
     1>InitializeBuildStatus:
         Creating "Debug\LittleT.unsuccessfulbuild" because "AlwaysCreate" was specified.
       PreBuildEvent:
         ..\7za.exe u ..\Debug\UI.ZIP ..\UI\* -r
         :VCEnd
         
         7-Zip (A) 9.20  Copyright (c) 1999-2010 Igor Pavlov  2010-11-18
         
         Scanning
         
         Updating archive ..\Debug\UI.ZIP
         
         
         Everything is Ok
       ClCompile:
         All outputs are up-to-date.
       ResourceCompile:
         All outputs are up-to-date.
       ManifestResourceCompile:
         All outputs are up-to-date.
       Link:
         All outputs are up-to-date.
       Manifest:
         All outputs are up-to-date.
       FinalizeBuildStatus:
         Deleting file "Debug\LittleT.unsuccessfulbuild".
         Touching "Debug\LittleT.lastbuildstate".
     1>Done Building Project "E:\Code\VC\LittleT\LittleT\LittleT.vcxproj" (build target(s)).

Build succeeded.

Time Elapsed 00:00:00.18
